Tue 07 Sep 2021 06:58:36 PM PDT: Finished testing RunningTotalSlow for PGImpl at row 0

Tue 07 Sep 2021 06:58:37 PM PDT: Finished testing RunningTotalSlow for PGImpl at row 1

Tue 07 Sep 2021 06:58:37 PM PDT: Finished testing RunningTotalSlow for PGImpl at row 2

Tue 07 Sep 2021 06:58:38 PM PDT: Finished testing RunningTotalSlow for PGImpl at row 3

Tue 07 Sep 2021 06:58:38 PM PDT: Finished testing RunningTotalSlow for PGImpl at row 4

Tue 07 Sep 2021 06:58:38 PM PDT: Finished testing RunningTotalFast for PGImpl at row 0

Tue 07 Sep 2021 06:58:39 PM PDT: Finished testing RunningTotalFast for PGImpl at row 1

Tue 07 Sep 2021 06:58:39 PM PDT: Finished testing RunningTotalFast for PGImpl at row 2

Tue 07 Sep 2021 06:58:39 PM PDT: Finished testing RunningTotalFast for PGImpl at row 3

Tue 07 Sep 2021 06:58:40 PM PDT: Finished testing RunningTotalFast for PGImpl at row 4

Tue 07 Sep 2021 06:58:40 PM PDT: Finished testing Rate for PGImpl at row 0

Tue 07 Sep 2021 06:58:40 PM PDT: Finished testing Rate for PGImpl at row 1

Tue 07 Sep 2021 06:58:40 PM PDT: Finished testing Rate for PGImpl at row 2

Tue 07 Sep 2021 06:58:40 PM PDT: Finished testing Rate for PGImpl at row 3

Tue 07 Sep 2021 06:58:40 PM PDT: Finished testing Rate for PGImpl at row 4

Tue 07 Sep 2021 06:58:40 PM PDT: Finished testing RunningTotalSlow for Comp at row 0

Tue 07 Sep 2021 06:58:40 PM PDT: Finished testing RunningTotalSlow for Comp at row 1

Tue 07 Sep 2021 06:58:40 PM PDT: Finished testing RunningTotalSlow for Comp at row 2

Tue 07 Sep 2021 06:58:40 PM PDT: Finished testing RunningTotalSlow for Comp at row 3

Tue 07 Sep 2021 06:58:41 PM PDT: Finished testing RunningTotalSlow for Comp at row 4

Tue 07 Sep 2021 06:58:44 PM PDT: Finished testing RunningTotalFast for Comp at row 0

Tue 07 Sep 2021 06:58:44 PM PDT: Finished testing RunningTotalFast for Comp at row 1

Tue 07 Sep 2021 07:00:48 PM PDT: Finished testing RunningTotalSlow for PGImpl at row 0

Tue 07 Sep 2021 07:02:37 PM PDT: Finished testing RunningTotalSlow for PGImpl at row 10000

Tue 07 Sep 2021 07:03:35 PM PDT: Finished testing RunningTotalSlow for PGImpl at row 5000

Tue 07 Sep 2021 07:03:50 PM PDT: Finished testing RunningTotalSlow for PGImpl at row 10000

Tue 07 Sep 2021 07:04:14 PM PDT: Finished testing RunningTotalSlow for PGImpl at row 15000

Tue 07 Sep 2021 07:04:55 PM PDT: Finished testing RunningTotalSlow for PGImpl at row 20000

Tue 07 Sep 2021 07:05:35 PM PDT: Finished testing RunningTotalSlow for PGImpl at row 25000

Tue 07 Sep 2021 07:05:53 PM PDT: Finished testing RunningTotalFast for PGImpl at row 5000

Tue 07 Sep 2021 07:06:27 PM PDT: Finished testing RunningTotalFast for PGImpl at row 10000

Tue 07 Sep 2021 07:07:45 PM PDT: Finished testing RunningTotalFast for PGImpl at row 15000

Tue 07 Sep 2021 07:09:00 PM PDT: Finished testing RunningTotalFast for PGImpl at row 20000

Tue 07 Sep 2021 07:10:45 PM PDT: Finished testing RunningTotalFast for PGImpl at row 25000

Tue 07 Sep 2021 07:11:00 PM PDT: Finished testing Rate for PGImpl at row 5000

Tue 07 Sep 2021 07:11:37 PM PDT: Finished testing Rate for PGImpl at row 10000

Tue 07 Sep 2021 07:12:28 PM PDT: Finished testing Rate for PGImpl at row 15000

Tue 07 Sep 2021 07:13:58 PM PDT: Finished testing Rate for PGImpl at row 20000

Tue 07 Sep 2021 07:15:24 PM PDT: Finished testing Rate for PGImpl at row 25000

Tue 07 Sep 2021 07:15:28 PM PDT: Finished testing RunningTotalSlow for Comp at row 5000

Tue 07 Sep 2021 07:15:36 PM PDT: Finished testing RunningTotalSlow for Comp at row 10000

Tue 07 Sep 2021 07:15:46 PM PDT: Finished testing RunningTotalSlow for Comp at row 15000

Tue 07 Sep 2021 07:16:00 PM PDT: Finished testing RunningTotalSlow for Comp at row 20000

Tue 07 Sep 2021 07:16:19 PM PDT: Finished testing RunningTotalSlow for Comp at row 25000

Tue 07 Sep 2021 07:16:26 PM PDT: Finished testing RunningTotalFast for Comp at row 5000

Tue 07 Sep 2021 07:16:40 PM PDT: Finished testing RunningTotalFast for Comp at row 10000

Tue 07 Sep 2021 07:17:03 PM PDT: Finished testing RunningTotalFast for Comp at row 15000

Tue 07 Sep 2021 07:17:31 PM PDT: Finished testing RunningTotalFast for Comp at row 20000

Tue 07 Sep 2021 07:18:16 PM PDT: Finished testing RunningTotalFast for Comp at row 25000

Tue 07 Sep 2021 07:18:24 PM PDT: Finished testing Rate for Comp at row 5000

Tue 07 Sep 2021 07:18:42 PM PDT: Finished testing Rate for Comp at row 10000

Tue 07 Sep 2021 07:19:10 PM PDT: Finished testing Rate for Comp at row 15000

Tue 07 Sep 2021 07:19:42 PM PDT: Finished testing Rate for Comp at row 20000

Tue 07 Sep 2021 07:20:27 PM PDT: Finished testing Rate for Comp at row 25000

Tue 07 Sep 2021 07:20:36 PM PDT: Finished testing RunningTotalSlow for PGImpl at row 5000

Tue 07 Sep 2021 07:20:54 PM PDT: Finished testing RunningTotalSlow for PGImpl at row 10000

Tue 07 Sep 2021 07:21:19 PM PDT: Finished testing RunningTotalSlow for PGImpl at row 15000

Tue 07 Sep 2021 07:21:58 PM PDT: Finished testing RunningTotalSlow for PGImpl at row 20000

Tue 07 Sep 2021 07:22:54 PM PDT: Finished testing RunningTotalSlow for PGImpl at row 25000

Tue 07 Sep 2021 07:23:09 PM PDT: Finished testing RunningTotalFast for PGImpl at row 5000

Tue 07 Sep 2021 07:23:44 PM PDT: Finished testing RunningTotalFast for PGImpl at row 10000

Tue 07 Sep 2021 07:24:36 PM PDT: Finished testing RunningTotalFast for PGImpl at row 15000

Tue 07 Sep 2021 07:25:43 PM PDT: Finished testing RunningTotalFast for PGImpl at row 20000

Tue 07 Sep 2021 07:27:32 PM PDT: Finished testing RunningTotalFast for PGImpl at row 25000

Tue 07 Sep 2021 07:27:47 PM PDT: Finished testing Rate for PGImpl at row 5000

Tue 07 Sep 2021 07:28:18 PM PDT: Finished testing Rate for PGImpl at row 10000

Tue 07 Sep 2021 07:29:16 PM PDT: Finished testing Rate for PGImpl at row 15000

Tue 07 Sep 2021 07:30:41 PM PDT: Finished testing Rate for PGImpl at row 20000

Tue 07 Sep 2021 07:32:25 PM PDT: Finished testing Rate for PGImpl at row 25000

Tue 07 Sep 2021 07:32:30 PM PDT: Finished testing RunningTotalSlow for Comp at row 5000

Tue 07 Sep 2021 07:32:37 PM PDT: Finished testing RunningTotalSlow for Comp at row 10000

Tue 07 Sep 2021 07:32:48 PM PDT: Finished testing RunningTotalSlow for Comp at row 15000

Tue 07 Sep 2021 07:33:06 PM PDT: Finished testing RunningTotalSlow for Comp at row 20000

Tue 07 Sep 2021 07:33:26 PM PDT: Finished testing RunningTotalSlow for Comp at row 25000

Tue 07 Sep 2021 07:33:33 PM PDT: Finished testing RunningTotalFast for Comp at row 5000

Tue 07 Sep 2021 07:33:47 PM PDT: Finished testing RunningTotalFast for Comp at row 10000

Tue 07 Sep 2021 07:34:10 PM PDT: Finished testing RunningTotalFast for Comp at row 15000

Tue 07 Sep 2021 07:34:44 PM PDT: Finished testing RunningTotalFast for Comp at row 20000

Tue 07 Sep 2021 07:35:24 PM PDT: Finished testing RunningTotalFast for Comp at row 25000

Tue 07 Sep 2021 07:35:30 PM PDT: Finished testing Rate for Comp at row 5000

Tue 07 Sep 2021 07:35:47 PM PDT: Finished testing Rate for Comp at row 10000

Tue 07 Sep 2021 07:36:09 PM PDT: Finished testing Rate for Comp at row 15000

Tue 07 Sep 2021 07:36:43 PM PDT: Finished testing Rate for Comp at row 20000

Tue 07 Sep 2021 07:37:22 PM PDT: Finished testing Rate for Comp at row 25000

Tue 07 Sep 2021 07:37:31 PM PDT: Finished testing RunningTotalSlow for PGImpl at row 5000

Tue 07 Sep 2021 07:37:51 PM PDT: Finished testing RunningTotalSlow for PGImpl at row 10000

Tue 07 Sep 2021 07:38:15 PM PDT: Finished testing RunningTotalSlow for PGImpl at row 15000

Tue 07 Sep 2021 07:38:54 PM PDT: Finished testing RunningTotalSlow for PGImpl at row 20000

Tue 07 Sep 2021 07:39:39 PM PDT: Finished testing RunningTotalSlow for PGImpl at row 25000

Tue 07 Sep 2021 07:39:57 PM PDT: Finished testing RunningTotalFast for PGImpl at row 5000

Tue 07 Sep 2021 07:40:33 PM PDT: Finished testing RunningTotalFast for PGImpl at row 10000

Tue 07 Sep 2021 07:41:43 PM PDT: Finished testing RunningTotalFast for PGImpl at row 15000

Tue 07 Sep 2021 07:43:09 PM PDT: Finished testing RunningTotalFast for PGImpl at row 20000

Tue 07 Sep 2021 07:45:14 PM PDT: Finished testing RunningTotalFast for PGImpl at row 25000

Tue 07 Sep 2021 07:45:29 PM PDT: Finished testing Rate for PGImpl at row 5000

Tue 07 Sep 2021 07:46:12 PM PDT: Finished testing Rate for PGImpl at row 10000

Tue 07 Sep 2021 07:47:02 PM PDT: Finished testing Rate for PGImpl at row 15000

Tue 07 Sep 2021 07:48:21 PM PDT: Finished testing Rate for PGImpl at row 20000

Tue 07 Sep 2021 07:50:06 PM PDT: Finished testing Rate for PGImpl at row 25000

Tue 07 Sep 2021 07:50:10 PM PDT: Finished testing RunningTotalSlow for Comp at row 5000

Tue 07 Sep 2021 07:50:17 PM PDT: Finished testing RunningTotalSlow for Comp at row 10000

Tue 07 Sep 2021 07:50:33 PM PDT: Finished testing RunningTotalSlow for Comp at row 15000

Tue 07 Sep 2021 07:50:50 PM PDT: Finished testing RunningTotalSlow for Comp at row 20000

Tue 07 Sep 2021 07:51:10 PM PDT: Finished testing RunningTotalSlow for Comp at row 25000

Tue 07 Sep 2021 07:51:17 PM PDT: Finished testing RunningTotalFast for Comp at row 5000

Tue 07 Sep 2021 07:51:33 PM PDT: Finished testing RunningTotalFast for Comp at row 10000

Tue 07 Sep 2021 07:51:54 PM PDT: Finished testing RunningTotalFast for Comp at row 15000

Tue 07 Sep 2021 07:52:26 PM PDT: Finished testing RunningTotalFast for Comp at row 20000

Tue 07 Sep 2021 07:53:13 PM PDT: Finished testing RunningTotalFast for Comp at row 25000

Tue 07 Sep 2021 07:53:20 PM PDT: Finished testing Rate for Comp at row 5000

Tue 07 Sep 2021 07:53:36 PM PDT: Finished testing Rate for Comp at row 10000

Tue 07 Sep 2021 07:53:57 PM PDT: Finished testing Rate for Comp at row 15000

Tue 07 Sep 2021 07:54:29 PM PDT: Finished testing Rate for Comp at row 20000

Tue 07 Sep 2021 07:55:06 PM PDT: Finished testing Rate for Comp at row 25000

Tue 07 Sep 2021 08:03:18 PM PDT: Finished testing RunningTotalSlow for ASync at row 5000

Tue 07 Sep 2021 08:15:58 PM PDT: Finished testing RunningTotalSlow for ASync at row 10000

Tue 07 Sep 2021 08:24:19 PM PDT: Finished testing RunningTotalFast for ASync at row 5000

Tue 07 Sep 2021 08:43:12 PM PDT: Finished testing RunningTotalFast for ASync at row 10000

Tue 07 Sep 2021 08:44:09 PM PDT: Finished testing Rate for ASync at row 5000

Tue 07 Sep 2021 08:47:28 PM PDT: Finished testing Rate for ASync at row 10000

Tue 07 Sep 2021 08:51:09 PM PDT: Finished testing RunningTotalSlow for ASync at row 5000

Tue 07 Sep 2021 09:02:28 PM PDT: Finished testing RunningTotalSlow for ASync at row 10000

Tue 07 Sep 2021 09:09:28 PM PDT: Finished testing RunningTotalFast for ASync at row 5000

Tue 07 Sep 2021 09:27:38 PM PDT: Finished testing RunningTotalFast for ASync at row 10000

Tue 07 Sep 2021 09:28:33 PM PDT: Finished testing Rate for ASync at row 5000

Tue 07 Sep 2021 09:31:45 PM PDT: Finished testing Rate for ASync at row 10000

Tue 07 Sep 2021 09:36:04 PM PDT: Finished testing RunningTotalSlow for ASync at row 5000

Tue 07 Sep 2021 09:46:35 PM PDT: Finished testing RunningTotalSlow for ASync at row 10000

Tue 07 Sep 2021 09:53:37 PM PDT: Finished testing RunningTotalFast for ASync at row 5000

Tue 07 Sep 2021 10:12:19 PM PDT: Finished testing RunningTotalFast for ASync at row 10000

Tue 07 Sep 2021 10:13:17 PM PDT: Finished testing Rate for ASync at row 5000

Tue 07 Sep 2021 10:16:42 PM PDT: Finished testing Rate for ASync at row 10000

Tue 07 Sep 2021 10:40:04 PM PDT: Finished testing Rate for ASync at row 15000

Tue 07 Sep 2021 10:56:09 PM PDT: Finished testing Rate for ASync at row 15000

Tue 07 Sep 2021 11:11:54 PM PDT: Finished testing Rate for ASync at row 15000

Tue 07 Sep 2021 11:13:57 PM PDT: Finished testing RunningTotalSlow for Comp at row 100000

Tue 07 Sep 2021 11:16:24 PM PDT: Finished testing RunningTotalSlow for Comp at row 200000

Tue 07 Sep 2021 11:19:45 PM PDT: Finished testing RunningTotalSlow for Comp at row 300000

Tue 07 Sep 2021 11:24:23 PM PDT: Finished testing RunningTotalSlow for Comp at row 400000

Tue 07 Sep 2021 11:30:29 PM PDT: Finished testing RunningTotalSlow for Comp at row 500000

Tue 07 Sep 2021 11:33:15 PM PDT: Finished testing RunningTotalFast for Comp at row 100000

Tue 07 Sep 2021 11:38:16 PM PDT: Finished testing RunningTotalFast for Comp at row 200000

Tue 07 Sep 2021 11:46:03 PM PDT: Finished testing RunningTotalFast for Comp at row 300000

Tue 07 Sep 2021 11:47:29 PM PDT: Finished testing RunningTotalFast for Comp at row 400000

Tue 07 Sep 2021 11:47:29 PM PDT: Finished testing RunningTotalFast for Comp at row 500000

Tue 07 Sep 2021 11:47:30 PM PDT: Finished testing Rate for Comp at row 100000

Tue 07 Sep 2021 11:47:30 PM PDT: Finished testing Rate for Comp at row 200000

Tue 07 Sep 2021 11:47:31 PM PDT: Finished testing Rate for Comp at row 300000

Tue 07 Sep 2021 11:47:31 PM PDT: Finished testing Rate for Comp at row 400000

Tue 07 Sep 2021 11:47:32 PM PDT: Finished testing Rate for Comp at row 500000

Tue 07 Sep 2021 11:47:32 PM PDT: Finished testing RunningTotalSlow for PGImpl at row 100000

Tue 07 Sep 2021 11:47:32 PM PDT: Finished testing RunningTotalSlow for PGImpl at row 200000

Tue 07 Sep 2021 11:47:33 PM PDT: Finished testing RunningTotalSlow for PGImpl at row 300000

Tue 07 Sep 2021 11:47:33 PM PDT: Finished testing RunningTotalSlow for PGImpl at row 400000

Tue 07 Sep 2021 11:47:33 PM PDT: Finished testing RunningTotalSlow for PGImpl at row 500000

Tue 07 Sep 2021 11:47:34 PM PDT: Finished testing RunningTotalFast for PGImpl at row 100000

Tue 07 Sep 2021 11:47:34 PM PDT: Finished testing RunningTotalFast for PGImpl at row 200000

Tue 07 Sep 2021 11:47:34 PM PDT: Finished testing RunningTotalFast for PGImpl at row 300000

Tue 07 Sep 2021 11:47:34 PM PDT: Finished testing RunningTotalFast for PGImpl at row 400000

Tue 07 Sep 2021 11:47:35 PM PDT: Finished testing RunningTotalFast for PGImpl at row 500000

Tue 07 Sep 2021 11:47:35 PM PDT: Finished testing Rate for PGImpl at row 100000

Tue 07 Sep 2021 11:47:35 PM PDT: Finished testing Rate for PGImpl at row 200000

Tue 07 Sep 2021 11:47:35 PM PDT: Finished testing Rate for PGImpl at row 300000

Tue 07 Sep 2021 11:47:36 PM PDT: Finished testing Rate for PGImpl at row 400000

Tue 07 Sep 2021 11:47:36 PM PDT: Finished testing Rate for PGImpl at row 500000

Tue 07 Sep 2021 11:54:19 PM PDT: Finished testing RunningTotalSlow for Comp at row 100000

Tue 07 Sep 2021 11:54:19 PM PDT: Finished testing RunningTotalSlow for Comp at row 200000

Tue 07 Sep 2021 11:54:20 PM PDT: Finished testing RunningTotalSlow for Comp at row 300000

Tue 07 Sep 2021 11:54:20 PM PDT: Finished testing RunningTotalSlow for Comp at row 400000

Tue 07 Sep 2021 11:54:20 PM PDT: Finished testing RunningTotalSlow for Comp at row 500000

Tue 07 Sep 2021 11:56:55 PM PDT: Finished testing RunningTotalSlow for Comp at row 100000

Tue 07 Sep 2021 11:58:59 PM PDT: Finished testing RunningTotalSlow for Comp at row 200000

Wed 08 Sep 2021 12:02:03 AM PDT: Finished testing RunningTotalSlow for Comp at row 300000

Wed 08 Sep 2021 12:06:12 AM PDT: Finished testing RunningTotalSlow for Comp at row 400000

Wed 08 Sep 2021 12:11:19 AM PDT: Finished testing RunningTotalSlow for Comp at row 500000

Wed 08 Sep 2021 12:13:20 AM PDT: Finished testing RunningTotalFast for Comp at row 100000

Wed 08 Sep 2021 12:17:24 AM PDT: Finished testing RunningTotalFast for Comp at row 200000

Wed 08 Sep 2021 12:23:25 AM PDT: Finished testing RunningTotalFast for Comp at row 300000

Wed 08 Sep 2021 12:31:22 AM PDT: Finished testing RunningTotalFast for Comp at row 400000

Wed 08 Sep 2021 12:41:27 AM PDT: Finished testing RunningTotalFast for Comp at row 500000

Wed 08 Sep 2021 12:43:33 AM PDT: Finished testing Rate for Comp at row 100000

Wed 08 Sep 2021 12:47:35 AM PDT: Finished testing Rate for Comp at row 200000

Wed 08 Sep 2021 12:53:40 AM PDT: Finished testing Rate for Comp at row 300000

Wed 08 Sep 2021 01:01:42 AM PDT: Finished testing Rate for Comp at row 400000

Wed 08 Sep 2021 01:11:40 AM PDT: Finished testing Rate for Comp at row 500000

Wed 08 Sep 2021 01:14:23 AM PDT: Finished testing RunningTotalSlow for PGImpl at row 100000

Wed 08 Sep 2021 01:19:30 AM PDT: Finished testing RunningTotalSlow for PGImpl at row 200000

Wed 08 Sep 2021 01:26:44 AM PDT: Finished testing RunningTotalSlow for PGImpl at row 300000

Wed 08 Sep 2021 01:36:31 AM PDT: Finished testing RunningTotalSlow for PGImpl at row 400000

Wed 08 Sep 2021 01:48:30 AM PDT: Finished testing RunningTotalSlow for PGImpl at row 500000

Wed 08 Sep 2021 01:57:50 AM PDT: Finished testing RunningTotalFast for PGImpl at row 100000

Wed 08 Sep 2021 02:07:44 AM PDT: Finished testing RunningTotalFast for PGImpl at row 200000

Wed 08 Sep 2021 02:21:59 AM PDT: Finished testing RunningTotalFast for PGImpl at row 300000

Wed 08 Sep 2021 02:41:43 AM PDT: Finished testing RunningTotalFast for PGImpl at row 400000

Wed 08 Sep 2021 03:05:47 AM PDT: Finished testing RunningTotalFast for PGImpl at row 500000

Wed 08 Sep 2021 03:10:30 AM PDT: Finished testing Rate for PGImpl at row 100000

Wed 08 Sep 2021 03:19:38 AM PDT: Finished testing Rate for PGImpl at row 200000

Wed 08 Sep 2021 03:33:57 AM PDT: Finished testing Rate for PGImpl at row 300000

Wed 08 Sep 2021 03:52:01 AM PDT: Finished testing Rate for PGImpl at row 400000

Wed 08 Sep 2021 04:14:36 AM PDT: Finished testing Rate for PGImpl at row 500000

Wed 08 Sep 2021 04:15:39 AM PDT: Finished testing RunningTotalSlow for Comp at row 100000

Wed 08 Sep 2021 04:17:42 AM PDT: Finished testing RunningTotalSlow for Comp at row 200000

Wed 08 Sep 2021 04:20:49 AM PDT: Finished testing RunningTotalSlow for Comp at row 300000

Wed 08 Sep 2021 04:24:59 AM PDT: Finished testing RunningTotalSlow for Comp at row 400000

Wed 08 Sep 2021 04:30:07 AM PDT: Finished testing RunningTotalSlow for Comp at row 500000

Wed 08 Sep 2021 04:32:07 AM PDT: Finished testing RunningTotalFast for Comp at row 100000

Wed 08 Sep 2021 04:36:09 AM PDT: Finished testing RunningTotalFast for Comp at row 200000

Wed 08 Sep 2021 04:42:07 AM PDT: Finished testing RunningTotalFast for Comp at row 300000

Wed 08 Sep 2021 04:50:07 AM PDT: Finished testing RunningTotalFast for Comp at row 400000

Wed 08 Sep 2021 05:00:04 AM PDT: Finished testing RunningTotalFast for Comp at row 500000

Wed 08 Sep 2021 05:02:06 AM PDT: Finished testing Rate for Comp at row 100000

Wed 08 Sep 2021 05:06:08 AM PDT: Finished testing Rate for Comp at row 200000

Wed 08 Sep 2021 05:12:08 AM PDT: Finished testing Rate for Comp at row 300000

Wed 08 Sep 2021 05:20:12 AM PDT: Finished testing Rate for Comp at row 400000

Wed 08 Sep 2021 05:30:17 AM PDT: Finished testing Rate for Comp at row 500000

Wed 08 Sep 2021 05:32:46 AM PDT: Finished testing RunningTotalSlow for PGImpl at row 100000

Wed 08 Sep 2021 05:37:37 AM PDT: Finished testing RunningTotalSlow for PGImpl at row 200000

Wed 08 Sep 2021 05:44:53 AM PDT: Finished testing RunningTotalSlow for PGImpl at row 300000

Wed 08 Sep 2021 05:54:33 AM PDT: Finished testing RunningTotalSlow for PGImpl at row 400000

Wed 08 Sep 2021 06:06:55 AM PDT: Finished testing RunningTotalSlow for PGImpl at row 500000

Wed 08 Sep 2021 06:12:11 AM PDT: Finished testing RunningTotalFast for PGImpl at row 100000

Wed 08 Sep 2021 06:50:40 AM PDT: Finished testing RunningTotalFast for PGImpl at row 200000

Wed 08 Sep 2021 08:08:50 AM PDT: Finished testing RunningTotalFast for PGImpl at row 300000

Wed 08 Sep 2021 08:51:37 AM PDT: Finished testing RunningTotalFast for PGImpl at row 400000

Wed 08 Sep 2021 08:51:37 AM PDT: Finished testing RunningTotalFast for PGImpl at row 500000

Wed 08 Sep 2021 08:51:38 AM PDT: Finished testing Rate for PGImpl at row 100000

Wed 08 Sep 2021 08:51:38 AM PDT: Finished testing Rate for PGImpl at row 200000

Wed 08 Sep 2021 08:51:38 AM PDT: Finished testing Rate for PGImpl at row 300000

Wed 08 Sep 2021 08:56:10 AM PDT: Finished testing RunningTotalSlow for Comp at row 100000

Wed 08 Sep 2021 08:58:14 AM PDT: Finished testing RunningTotalSlow for Comp at row 200000

Wed 08 Sep 2021 09:01:18 AM PDT: Finished testing RunningTotalSlow for Comp at row 300000

Wed 08 Sep 2021 09:05:25 AM PDT: Finished testing RunningTotalSlow for Comp at row 400000

Wed 08 Sep 2021 09:10:37 AM PDT: Finished testing RunningTotalSlow for Comp at row 500000

Wed 08 Sep 2021 09:12:38 AM PDT: Finished testing RunningTotalFast for Comp at row 100000

Wed 08 Sep 2021 09:16:40 AM PDT: Finished testing RunningTotalFast for Comp at row 200000

Wed 08 Sep 2021 09:22:42 AM PDT: Finished testing RunningTotalFast for Comp at row 300000

Wed 08 Sep 2021 09:30:44 AM PDT: Finished testing RunningTotalFast for Comp at row 400000

Wed 08 Sep 2021 09:40:45 AM PDT: Finished testing RunningTotalFast for Comp at row 500000

Wed 08 Sep 2021 09:42:49 AM PDT: Finished testing Rate for Comp at row 100000

Wed 08 Sep 2021 09:46:54 AM PDT: Finished testing Rate for Comp at row 200000

Wed 08 Sep 2021 09:53:07 AM PDT: Finished testing Rate for Comp at row 300000

Wed 08 Sep 2021 10:01:50 AM PDT: Finished testing Rate for Comp at row 400000

Wed 08 Sep 2021 10:12:58 AM PDT: Finished testing Rate for Comp at row 500000

Thu 09 Sep 2021 01:08:41 PM PDT: Finished testing RunningTotalSlow for ASync at row 10000

Thu 09 Sep 2021 01:28:24 PM PDT: Finished testing RunningTotalFast for ASync at row 10000

Thu 09 Sep 2021 01:31:31 PM PDT: Finished testing Rate for ASync at row 10000

Thu 09 Sep 2021 01:43:20 PM PDT: Finished testing RunningTotalSlow for ASync at row 10000

Thu 09 Sep 2021 02:03:37 PM PDT: Finished testing RunningTotalFast for ASync at row 10000

Thu 09 Sep 2021 02:07:06 PM PDT: Finished testing Rate for ASync at row 10000

Thu 09 Sep 2021 02:18:55 PM PDT: Finished testing RunningTotalSlow for ASync at row 10000

Thu 09 Sep 2021 02:39:47 PM PDT: Finished testing RunningTotalFast for ASync at row 10000

Thu 09 Sep 2021 02:43:18 PM PDT: Finished testing Rate for ASync at row 10000

Thu 09 Sep 2021 02:43:25 PM PDT: Finished testing RunningTotalSlow for Comp at row 10000

Thu 09 Sep 2021 02:49:26 PM PDT: Finished testing RunningTotalSlow for Comp at row 500000

Thu 09 Sep 2021 02:49:40 PM PDT: Finished testing RunningTotalFast for Comp at row 10000

Thu 09 Sep 2021 03:02:38 PM PDT: Finished testing RunningTotalFast for Comp at row 500000

Thu 09 Sep 2021 03:02:54 PM PDT: Finished testing Rate for Comp at row 10000

Thu 09 Sep 2021 03:15:27 PM PDT: Finished testing Rate for Comp at row 500000

Thu 09 Sep 2021 03:15:50 PM PDT: Finished testing RunningTotalSlow for PGImpl at row 10000

Thu 09 Sep 2021 03:31:57 PM PDT: Finished testing RunningTotalSlow for PGImpl at row 500000

Thu 09 Sep 2021 03:32:38 PM PDT: Finished testing RunningTotalFast for PGImpl at row 10000

Thu 09 Sep 2021 04:02:23 PM PDT: Finished testing RunningTotalFast for PGImpl at row 500000

Thu 09 Sep 2021 04:02:57 PM PDT: Finished testing Rate for PGImpl at row 10000

Thu 09 Sep 2021 04:29:09 PM PDT: Finished testing Rate for PGImpl at row 500000

Thu 09 Sep 2021 04:29:17 PM PDT: Finished testing RunningTotalSlow for Comp at row 10000

Thu 09 Sep 2021 04:35:02 PM PDT: Finished testing RunningTotalSlow for Comp at row 500000

Thu 09 Sep 2021 04:35:19 PM PDT: Finished testing RunningTotalFast for Comp at row 10000

Thu 09 Sep 2021 04:47:05 PM PDT: Finished testing RunningTotalFast for Comp at row 500000

Thu 09 Sep 2021 04:47:20 PM PDT: Finished testing Rate for Comp at row 10000

Thu 09 Sep 2021 04:59:23 PM PDT: Finished testing Rate for Comp at row 500000

Thu 09 Sep 2021 04:59:42 PM PDT: Finished testing RunningTotalSlow for PGImpl at row 10000

Thu 09 Sep 2021 05:13:03 PM PDT: Finished testing RunningTotalSlow for PGImpl at row 500000

Thu 09 Sep 2021 05:13:36 PM PDT: Finished testing RunningTotalFast for PGImpl at row 10000

Thu 09 Sep 2021 05:39:20 PM PDT: Finished testing RunningTotalFast for PGImpl at row 500000

Thu 09 Sep 2021 05:39:53 PM PDT: Finished testing Rate for PGImpl at row 10000

Thu 09 Sep 2021 06:09:58 PM PDT: Finished testing Rate for PGImpl at row 500000

Thu 09 Sep 2021 06:10:06 PM PDT: Finished testing RunningTotalSlow for Comp at row 10000

Thu 09 Sep 2021 06:15:39 PM PDT: Finished testing RunningTotalSlow for Comp at row 500000

Thu 09 Sep 2021 06:15:57 PM PDT: Finished testing RunningTotalFast for Comp at row 10000

Thu 09 Sep 2021 06:27:18 PM PDT: Finished testing RunningTotalFast for Comp at row 500000

Thu 09 Sep 2021 06:27:34 PM PDT: Finished testing Rate for Comp at row 10000

Thu 09 Sep 2021 06:39:28 PM PDT: Finished testing Rate for Comp at row 500000

Thu 09 Sep 2021 06:39:49 PM PDT: Finished testing RunningTotalSlow for PGImpl at row 10000

Thu 09 Sep 2021 06:53:25 PM PDT: Finished testing RunningTotalSlow for PGImpl at row 500000

Thu 09 Sep 2021 06:53:58 PM PDT: Finished testing RunningTotalFast for PGImpl at row 10000

Thu 09 Sep 2021 07:22:20 PM PDT: Finished testing RunningTotalFast for PGImpl at row 500000

Thu 09 Sep 2021 07:23:03 PM PDT: Finished testing Rate for PGImpl at row 10000

Thu 09 Sep 2021 07:51:06 PM PDT: Finished testing Rate for PGImpl at row 500000

Tue 14 Sep 2021 10:04:42 AM PDT: Finished testing Rate for ASync at row 20000

Tue 14 Sep 2021 10:06:42 AM PDT: Finished testing Rate for ASync at row 20000

Tue 14 Sep 2021 10:50:29 AM PDT: Finished testing Rate for ASync at row 20000

Tue 14 Sep 2021 11:54:32 AM PDT: Finished testing RunningTotalSlow for ASync at row 15000

Tue 14 Sep 2021 12:39:03 PM PDT: Finished testing RunningTotalFast for ASync at row 15000

