Sat 29 Jan 2022 01:40:35 PM PST: Finished testing enron_long2.xls: memOnly:true, ASync

Sat 29 Jan 2022 01:41:10 PM PST: Finished testing enron_long2.xls: memOnly:true, ASync

Sat 29 Jan 2022 01:41:43 PM PST: Finished testing enron_long2.xls: memOnly:true, ASync

Sat 29 Jan 2022 01:46:42 PM PST: Finished testing enron_long2.xls: memOnly:false, ASync

Sat 29 Jan 2022 01:51:35 PM PST: Finished testing enron_long2.xls: memOnly:false, ASync

Sat 29 Jan 2022 01:57:27 PM PST: Finished testing enron_long2.xls: memOnly:false, ASync

Sat 29 Jan 2022 02:03:25 PM PST: Finished testing enron_long3.xls: memOnly:true, ASync

Sat 29 Jan 2022 02:09:18 PM PST: Finished testing enron_long3.xls: memOnly:true, ASync

Sat 29 Jan 2022 02:15:11 PM PST: Finished testing enron_long3.xls: memOnly:true, ASync

Sat 29 Jan 2022 02:25:38 PM PST: Finished testing enron_long3.xls: memOnly:false, ASync

Sat 29 Jan 2022 02:36:40 PM PST: Finished testing enron_long3.xls: memOnly:false, ASync

Sat 29 Jan 2022 02:48:01 PM PST: Finished testing enron_long3.xls: memOnly:false, ASync

Mon 07 Feb 2022 12:44:21 PM PST: Finished testing enron_max3.xls: memOnly:true, Comp

Mon 07 Feb 2022 12:44:30 PM PST: Finished testing enron_max3.xls: memOnly:true, Comp

Mon 07 Feb 2022 12:44:39 PM PST: Finished testing enron_max3.xls: memOnly:true, Comp

Mon 07 Feb 2022 12:44:51 PM PST: Finished testing enron_max3.xls: memOnly:false, Comp

Mon 07 Feb 2022 12:45:03 PM PST: Finished testing enron_max3.xls: memOnly:false, Comp

Mon 07 Feb 2022 12:45:16 PM PST: Finished testing enron_max3.xls: memOnly:false, Comp

Mon 07 Feb 2022 12:45:52 PM PST: Finished testing enron_max3.xls: memOnly:true, PGImpl

Mon 07 Feb 2022 12:46:24 PM PST: Finished testing enron_max3.xls: memOnly:true, PGImpl

Mon 07 Feb 2022 12:47:16 PM PST: Finished testing enron_max3.xls: memOnly:true, PGImpl

Mon 07 Feb 2022 01:17:16 PM PST: Finished testing enron_max3.xls: memOnly:false, PGImpl

Mon 07 Feb 2022 01:19:12 PM PST: Finished testing enron_max3.xls: memOnly:false, PGImpl

Mon 07 Feb 2022 01:21:36 PM PST: Finished testing enron_max3.xls: memOnly:false, PGImpl

Mon 07 Feb 2022 01:21:48 PM PST: Finished testing enron_max4.xls: memOnly:true, Comp

Mon 07 Feb 2022 01:22:00 PM PST: Finished testing enron_max4.xls: memOnly:true, Comp

Mon 07 Feb 2022 01:22:12 PM PST: Finished testing enron_max4.xls: memOnly:true, Comp

Mon 07 Feb 2022 01:22:29 PM PST: Finished testing enron_max4.xls: memOnly:false, Comp

Mon 07 Feb 2022 01:22:45 PM PST: Finished testing enron_max4.xls: memOnly:false, Comp

Mon 07 Feb 2022 01:23:01 PM PST: Finished testing enron_max4.xls: memOnly:false, Comp

Mon 07 Feb 2022 01:23:07 PM PST: Finished testing enron_max4.xls: memOnly:true, PGImpl

Mon 07 Feb 2022 01:23:12 PM PST: Finished testing enron_max4.xls: memOnly:true, PGImpl

Mon 07 Feb 2022 01:23:18 PM PST: Finished testing enron_max4.xls: memOnly:true, PGImpl

Mon 07 Feb 2022 01:26:56 PM PST: Finished testing enron_max4.xls: memOnly:false, PGImpl

Mon 07 Feb 2022 01:30:43 PM PST: Finished testing enron_max4.xls: memOnly:false, PGImpl

Mon 07 Feb 2022 01:34:28 PM PST: Finished testing enron_max4.xls: memOnly:false, PGImpl

Mon 07 Feb 2022 01:34:33 PM PST: Finished testing enron_max5.xls: memOnly:true, Comp

Mon 07 Feb 2022 01:34:37 PM PST: Finished testing enron_max5.xls: memOnly:true, Comp

Mon 07 Feb 2022 01:34:41 PM PST: Finished testing enron_max5.xls: memOnly:true, Comp

Mon 07 Feb 2022 01:34:46 PM PST: Finished testing enron_max5.xls: memOnly:false, Comp

Mon 07 Feb 2022 01:34:52 PM PST: Finished testing enron_max5.xls: memOnly:false, Comp

Mon 07 Feb 2022 01:34:57 PM PST: Finished testing enron_max5.xls: memOnly:false, Comp

Mon 07 Feb 2022 01:35:00 PM PST: Finished testing enron_max5.xls: memOnly:true, PGImpl

Mon 07 Feb 2022 01:35:04 PM PST: Finished testing enron_max5.xls: memOnly:true, PGImpl

Mon 07 Feb 2022 01:35:08 PM PST: Finished testing enron_max5.xls: memOnly:true, PGImpl

Mon 07 Feb 2022 01:36:18 PM PST: Finished testing enron_max5.xls: memOnly:false, PGImpl

Mon 07 Feb 2022 01:37:27 PM PST: Finished testing enron_max5.xls: memOnly:false, PGImpl

Mon 07 Feb 2022 01:38:34 PM PST: Finished testing enron_max5.xls: memOnly:false, PGImpl

Mon 07 Feb 2022 01:44:10 PM PST: Finished testing enron_max3.xls: memOnly:true, Comp

Mon 07 Feb 2022 01:44:18 PM PST: Finished testing enron_max3.xls: memOnly:true, Comp

Mon 07 Feb 2022 01:44:25 PM PST: Finished testing enron_max3.xls: memOnly:true, Comp

Mon 07 Feb 2022 01:44:32 PM PST: Finished testing enron_max3.xls: memOnly:false, Comp

Mon 07 Feb 2022 01:44:40 PM PST: Finished testing enron_max3.xls: memOnly:false, Comp

Mon 07 Feb 2022 01:44:47 PM PST: Finished testing enron_max3.xls: memOnly:false, Comp

Mon 07 Feb 2022 01:45:16 PM PST: Finished testing enron_max3.xls: memOnly:true, PGImpl

Mon 07 Feb 2022 01:45:50 PM PST: Finished testing enron_max3.xls: memOnly:true, PGImpl

Mon 07 Feb 2022 01:46:21 PM PST: Finished testing enron_max3.xls: memOnly:true, PGImpl

Mon 07 Feb 2022 01:49:22 PM PST: Finished testing enron_max3.xls: memOnly:false, PGImpl

Mon 07 Feb 2022 01:51:44 PM PST: Finished testing enron_max3.xls: memOnly:false, PGImpl

Mon 07 Feb 2022 01:53:54 PM PST: Finished testing enron_max3.xls: memOnly:false, PGImpl

Mon 07 Feb 2022 01:54:06 PM PST: Finished testing enron_max4.xls: memOnly:true, Comp

Mon 07 Feb 2022 01:54:19 PM PST: Finished testing enron_max4.xls: memOnly:true, Comp

Mon 07 Feb 2022 01:54:30 PM PST: Finished testing enron_max4.xls: memOnly:true, Comp

Mon 07 Feb 2022 01:54:42 PM PST: Finished testing enron_max4.xls: memOnly:false, Comp

Mon 07 Feb 2022 01:54:54 PM PST: Finished testing enron_max4.xls: memOnly:false, Comp

Mon 07 Feb 2022 01:55:07 PM PST: Finished testing enron_max4.xls: memOnly:false, Comp

Mon 07 Feb 2022 01:55:12 PM PST: Finished testing enron_max4.xls: memOnly:true, PGImpl

Mon 07 Feb 2022 01:55:16 PM PST: Finished testing enron_max4.xls: memOnly:true, PGImpl

Mon 07 Feb 2022 01:55:20 PM PST: Finished testing enron_max4.xls: memOnly:true, PGImpl

Mon 07 Feb 2022 01:58:37 PM PST: Finished testing enron_max4.xls: memOnly:false, PGImpl

Mon 07 Feb 2022 02:01:58 PM PST: Finished testing enron_max4.xls: memOnly:false, PGImpl

Mon 07 Feb 2022 02:07:03 PM PST: Finished testing enron_max4.xls: memOnly:false, PGImpl

Mon 07 Feb 2022 02:07:07 PM PST: Finished testing enron_max5.xls: memOnly:true, Comp

Mon 07 Feb 2022 02:07:11 PM PST: Finished testing enron_max5.xls: memOnly:true, Comp

Mon 07 Feb 2022 02:07:15 PM PST: Finished testing enron_max5.xls: memOnly:true, Comp

Mon 07 Feb 2022 02:07:19 PM PST: Finished testing enron_max5.xls: memOnly:false, Comp

Mon 07 Feb 2022 02:07:23 PM PST: Finished testing enron_max5.xls: memOnly:false, Comp

Mon 07 Feb 2022 02:07:27 PM PST: Finished testing enron_max5.xls: memOnly:false, Comp

Mon 07 Feb 2022 02:07:29 PM PST: Finished testing enron_max5.xls: memOnly:true, PGImpl

Mon 07 Feb 2022 02:07:32 PM PST: Finished testing enron_max5.xls: memOnly:true, PGImpl

Mon 07 Feb 2022 02:07:34 PM PST: Finished testing enron_max5.xls: memOnly:true, PGImpl

Mon 07 Feb 2022 02:08:50 PM PST: Finished testing enron_max5.xls: memOnly:false, PGImpl

Mon 07 Feb 2022 02:10:05 PM PST: Finished testing enron_max5.xls: memOnly:false, PGImpl

Mon 07 Feb 2022 02:11:26 PM PST: Finished testing enron_max5.xls: memOnly:false, PGImpl

Mon 07 Feb 2022 02:18:11 PM PST: Finished testing enron_max3.xls: memOnly:false, PGImpl

