Thu 09 Sep 2021 12:30:18 AM PDT: Finished testing RefreshCache for Comp at row 2000

Thu 09 Sep 2021 12:30:34 AM PDT: Finished testing RefreshCache for Comp at row 4000

Thu 09 Sep 2021 12:30:57 AM PDT: Finished testing RefreshCache for Comp at row 6000

Thu 09 Sep 2021 12:31:23 AM PDT: Finished testing RefreshCache for Comp at row 8000

Thu 09 Sep 2021 12:32:03 AM PDT: Finished testing RefreshCache for Comp at row 10000

Thu 09 Sep 2021 12:49:07 AM PDT: Finished testing RefreshCache for ASync at row 2000

Thu 09 Sep 2021 01:10:40 AM PDT: Finished testing RefreshCache for ASync at row 4000

Thu 09 Sep 2021 01:32:23 AM PDT: Finished testing RefreshCache for ASync at row 6000

Thu 09 Sep 2021 01:54:19 AM PDT: Finished testing RefreshCache for ASync at row 8000

Thu 09 Sep 2021 02:16:14 AM PDT: Finished testing RefreshCache for ASync at row 10000

Thu 09 Sep 2021 02:16:56 AM PDT: Finished testing RefreshCache for PGImpl at row 2000

Thu 09 Sep 2021 02:17:43 AM PDT: Finished testing RefreshCache for PGImpl at row 4000

Thu 09 Sep 2021 02:18:46 AM PDT: Finished testing RefreshCache for PGImpl at row 6000

Thu 09 Sep 2021 02:20:09 AM PDT: Finished testing RefreshCache for PGImpl at row 8000

Thu 09 Sep 2021 02:21:44 AM PDT: Finished testing RefreshCache for PGImpl at row 10000

Thu 09 Sep 2021 02:21:59 AM PDT: Finished testing RefreshCache for Comp at row 2000

Thu 09 Sep 2021 02:22:17 AM PDT: Finished testing RefreshCache for Comp at row 4000

Thu 09 Sep 2021 02:22:37 AM PDT: Finished testing RefreshCache for Comp at row 6000

Thu 09 Sep 2021 02:23:07 AM PDT: Finished testing RefreshCache for Comp at row 8000

Thu 09 Sep 2021 02:23:47 AM PDT: Finished testing RefreshCache for Comp at row 10000

Thu 09 Sep 2021 02:42:11 AM PDT: Finished testing RefreshCache for ASync at row 2000

Thu 09 Sep 2021 03:04:16 AM PDT: Finished testing RefreshCache for ASync at row 4000

Thu 09 Sep 2021 03:25:27 AM PDT: Finished testing RefreshCache for ASync at row 6000

Thu 09 Sep 2021 03:46:45 AM PDT: Finished testing RefreshCache for ASync at row 8000

Thu 09 Sep 2021 04:08:21 AM PDT: Finished testing RefreshCache for ASync at row 10000

Thu 09 Sep 2021 04:08:58 AM PDT: Finished testing RefreshCache for PGImpl at row 2000

Thu 09 Sep 2021 04:09:43 AM PDT: Finished testing RefreshCache for PGImpl at row 4000

Thu 09 Sep 2021 04:10:43 AM PDT: Finished testing RefreshCache for PGImpl at row 6000

Thu 09 Sep 2021 04:12:07 AM PDT: Finished testing RefreshCache for PGImpl at row 8000

Thu 09 Sep 2021 04:13:37 AM PDT: Finished testing RefreshCache for PGImpl at row 10000

Thu 09 Sep 2021 04:13:50 AM PDT: Finished testing RefreshCache for Comp at row 2000

Thu 09 Sep 2021 04:14:06 AM PDT: Finished testing RefreshCache for Comp at row 4000

Thu 09 Sep 2021 04:14:32 AM PDT: Finished testing RefreshCache for Comp at row 6000

Thu 09 Sep 2021 04:14:59 AM PDT: Finished testing RefreshCache for Comp at row 8000

Thu 09 Sep 2021 04:15:43 AM PDT: Finished testing RefreshCache for Comp at row 10000

Thu 09 Sep 2021 04:34:32 AM PDT: Finished testing RefreshCache for ASync at row 2000

Thu 09 Sep 2021 04:55:49 AM PDT: Finished testing RefreshCache for ASync at row 4000

Thu 09 Sep 2021 05:18:50 AM PDT: Finished testing RefreshCache for ASync at row 6000

Thu 09 Sep 2021 05:40:16 AM PDT: Finished testing RefreshCache for ASync at row 8000

Thu 09 Sep 2021 06:04:11 AM PDT: Finished testing RefreshCache for ASync at row 10000

Thu 09 Sep 2021 06:05:42 AM PDT: Finished testing RefreshCache for PGImpl at row 2000

Thu 09 Sep 2021 06:07:41 AM PDT: Finished testing RefreshCache for PGImpl at row 4000

Thu 09 Sep 2021 06:10:13 AM PDT: Finished testing RefreshCache for PGImpl at row 6000

Thu 09 Sep 2021 06:12:08 AM PDT: Finished testing RefreshCache for PGImpl at row 8000

Thu 09 Sep 2021 06:13:47 AM PDT: Finished testing RefreshCache for PGImpl at row 10000

Thu 09 Sep 2021 06:14:01 AM PDT: Finished testing RefreshCache for Comp at row 2000

Thu 09 Sep 2021 06:14:19 AM PDT: Finished testing RefreshCache for Comp at row 4000

Thu 09 Sep 2021 06:14:44 AM PDT: Finished testing RefreshCache for Comp at row 6000

Thu 09 Sep 2021 06:15:07 AM PDT: Finished testing RefreshCache for Comp at row 8000

Thu 09 Sep 2021 06:15:40 AM PDT: Finished testing RefreshCache for Comp at row 10000

Thu 09 Sep 2021 06:35:27 AM PDT: Finished testing RefreshCache for ASync at row 2000

Thu 09 Sep 2021 06:57:48 AM PDT: Finished testing RefreshCache for ASync at row 4000

Thu 09 Sep 2021 07:20:21 AM PDT: Finished testing RefreshCache for ASync at row 6000

Thu 09 Sep 2021 07:40:55 AM PDT: Finished testing RefreshCache for ASync at row 8000

Thu 09 Sep 2021 08:03:15 AM PDT: Finished testing RefreshCache for ASync at row 10000

Thu 09 Sep 2021 08:03:46 AM PDT: Finished testing RefreshCache for PGImpl at row 2000

Thu 09 Sep 2021 08:04:22 AM PDT: Finished testing RefreshCache for PGImpl at row 4000

Thu 09 Sep 2021 08:05:27 AM PDT: Finished testing RefreshCache for PGImpl at row 6000

Thu 09 Sep 2021 08:06:30 AM PDT: Finished testing RefreshCache for PGImpl at row 8000

Thu 09 Sep 2021 08:08:00 AM PDT: Finished testing RefreshCache for PGImpl at row 10000

Thu 09 Sep 2021 08:08:12 AM PDT: Finished testing RefreshCache for Comp at row 2000

Thu 09 Sep 2021 08:08:30 AM PDT: Finished testing RefreshCache for Comp at row 4000

Thu 09 Sep 2021 08:08:53 AM PDT: Finished testing RefreshCache for Comp at row 6000

Thu 09 Sep 2021 08:09:20 AM PDT: Finished testing RefreshCache for Comp at row 8000

Thu 09 Sep 2021 08:09:56 AM PDT: Finished testing RefreshCache for Comp at row 10000

Thu 09 Sep 2021 08:28:56 AM PDT: Finished testing RefreshCache for ASync at row 2000

Thu 09 Sep 2021 08:50:46 AM PDT: Finished testing RefreshCache for ASync at row 4000

Thu 09 Sep 2021 09:15:02 AM PDT: Finished testing RefreshCache for ASync at row 6000

Thu 09 Sep 2021 09:23:05 AM PDT: Finished testing RefreshCache for ASync at row 8000

Thu 09 Sep 2021 09:23:06 AM PDT: Finished testing RefreshCache for ASync at row 10000

Thu 09 Sep 2021 09:23:06 AM PDT: Finished testing RefreshCache for PGImpl at row 2000

Thu 09 Sep 2021 09:23:06 AM PDT: Finished testing RefreshCache for PGImpl at row 4000

Thu 09 Sep 2021 09:23:06 AM PDT: Finished testing RefreshCache for PGImpl at row 6000

Thu 09 Sep 2021 09:23:06 AM PDT: Finished testing RefreshCache for PGImpl at row 8000

Thu 09 Sep 2021 09:23:06 AM PDT: Finished testing RefreshCache for PGImpl at row 10000

Thu 09 Sep 2021 09:23:06 AM PDT: Finished testing RefreshCache for Comp at row 2000

Thu 09 Sep 2021 09:23:06 AM PDT: Finished testing RefreshCache for Comp at row 4000

Thu 09 Sep 2021 09:23:06 AM PDT: Finished testing RefreshCache for Comp at row 6000

Thu 09 Sep 2021 09:23:06 AM PDT: Finished testing RefreshCache for Comp at row 8000

Thu 09 Sep 2021 09:23:06 AM PDT: Finished testing RefreshCache for Comp at row 10000

Thu 09 Sep 2021 09:23:07 AM PDT: Finished testing RefreshCache for ASync at row 2000

Thu 09 Sep 2021 09:23:08 AM PDT: Finished testing RefreshCache for ASync at row 4000

Thu 09 Sep 2021 09:23:08 AM PDT: Finished testing RefreshCache for ASync at row 6000

Thu 09 Sep 2021 09:23:09 AM PDT: Finished testing RefreshCache for ASync at row 8000

Fri 10 Sep 2021 12:36:42 AM PDT: Finished testing RefreshCache for Comp at row 100000

Fri 10 Sep 2021 12:54:55 AM PDT: Finished testing RefreshCache for Comp at row 200000

Fri 10 Sep 2021 01:19:00 AM PDT: Finished testing RefreshCache for Comp at row 300000

Fri 10 Sep 2021 01:48:08 AM PDT: Finished testing RefreshCache for Comp at row 400000

Fri 10 Sep 2021 02:26:39 AM PDT: Finished testing RefreshCache for Comp at row 500000

Fri 10 Sep 2021 03:19:54 AM PDT: Finished testing RefreshCache for PGImpl at row 100000

Fri 10 Sep 2021 05:01:48 AM PDT: Finished testing RefreshCache for PGImpl at row 200000

Fri 10 Sep 2021 07:51:37 AM PDT: Finished testing RefreshCache for PGImpl at row 300000

Fri 10 Sep 2021 09:03:01 AM PDT: Finished testing RefreshCache for PGImpl at row 400000

Fri 10 Sep 2021 09:52:20 AM PDT: Finished testing RefreshCache for PGImpl at row 100000

Fri 10 Sep 2021 10:00:02 AM PDT: Finished testing RefreshCache for PGImpl at row 200000

Fri 10 Sep 2021 10:00:02 AM PDT: Finished testing RefreshCache for PGImpl at row 300000

Fri 10 Sep 2021 10:00:02 AM PDT: Finished testing RefreshCache for PGImpl at row 400000

Fri 10 Sep 2021 10:00:02 AM PDT: Finished testing RefreshCache for PGImpl at row 500000

Fri 10 Sep 2021 10:00:03 AM PDT: Finished testing RefreshCache for PGImpl at row 100000

Fri 10 Sep 2021 10:00:04 AM PDT: Finished testing RefreshCache for PGImpl at row 200000

Fri 10 Sep 2021 10:00:04 AM PDT: Finished testing RefreshCache for PGImpl at row 300000

Fri 10 Sep 2021 10:09:45 AM PDT: Finished testing RefreshCache for Comp at row 100000

