Finished testing RunningTotalSlow for PGImpl

Finished testing RunningTotalFast for PGImpl

Finished testing Rate for PGImpl

Finished testing RunningTotalSlow for Comp

Finished testing RunningTotalFast for Comp

Finished testing Rate for Comp

Finished testing RunningTotalSlow for PGImpl

Finished testing RunningTotalFast for PGImpl

Finished testing Rate for PGImpl

Finished testing RunningTotalSlow for Comp

Finished testing RunningTotalFast for Comp

Finished testing Rate for Comp

Finished testing RunningTotalSlow for PGImpl

Finished testing RunningTotalFast for PGImpl

Finished testing Rate for PGImpl

Finished testing RunningTotalSlow for Comp

Finished testing RunningTotalFast for Comp

Finished testing Rate for Comp

Fri 25 Jun 2021 09:37:20 AM CST: Finished testing RunningTotalSlow for PGImpl

Fri 25 Jun 2021 09:37:20 AM CST: Finished testing RunningTotalSlow for PGImpl

Fri 25 Jun 2021 09:37:21 AM CST: Finished testing RunningTotalSlow for PGImpl

Fri 25 Jun 2021 09:49:48 AM CST: Finished testing RunningTotalSlow for PGImpl

Fri 25 Jun 2021 09:51:44 AM CST: Finished testing RunningTotalSlow for PGImpl

Fri 25 Jun 2021 09:52:20 AM CST: Finished testing RunningTotalSlow for PGImpl

Fri 25 Jun 2021 10:45:40 AM CST: Finished testing RunningTotalSlow for PGImpl

Fri 25 Jun 2021 10:45:42 AM CST: Finished testing RunningTotalSlow for PGImpl

Fri 25 Jun 2021 10:45:43 AM CST: Finished testing RunningTotalSlow for PGImpl

Mon 28 Jun 2021 03:59:54 PM CST: Finished testing RunningTotalSlow for PGImpl

Mon 28 Jun 2021 04:19:56 PM CST: Finished testing RunningTotalFast for PGImpl

Mon 28 Jun 2021 04:41:24 PM CST: Finished testing Rate for PGImpl

Mon 28 Jun 2021 04:42:03 PM CST: Finished testing RunningTotalSlow for Comp

Mon 28 Jun 2021 04:50:05 PM CST: Finished testing RunningTotalFast for Comp

Mon 28 Jun 2021 04:59:15 PM CST: Finished testing Rate for Comp

Mon 28 Jun 2021 04:59:59 PM CST: Finished testing RunningTotalSlow for PGImpl

Mon 28 Jun 2021 05:17:55 PM CST: Finished testing RunningTotalFast for PGImpl

Mon 28 Jun 2021 05:36:26 PM CST: Finished testing Rate for PGImpl

Mon 28 Jun 2021 05:36:45 PM CST: Finished testing RunningTotalSlow for Comp

Mon 28 Jun 2021 05:44:20 PM CST: Finished testing RunningTotalFast for Comp

Mon 28 Jun 2021 05:53:12 PM CST: Finished testing Rate for Comp

Mon 28 Jun 2021 05:53:42 PM CST: Finished testing RunningTotalSlow for PGImpl

Mon 28 Jun 2021 06:14:19 PM CST: Finished testing RunningTotalFast for PGImpl

Mon 28 Jun 2021 06:35:08 PM CST: Finished testing Rate for PGImpl

Mon 28 Jun 2021 06:35:29 PM CST: Finished testing RunningTotalSlow for Comp

Mon 28 Jun 2021 06:43:47 PM CST: Finished testing RunningTotalFast for Comp

Mon 28 Jun 2021 06:52:45 PM CST: Finished testing Rate for Comp

Sat Jul 31 12:23:21 PDT 2021: Finished testing RunningTotalSlow for PGImpl

Sat Jul 31 12:23:21 PDT 2021: Finished testing RunningTotalSlow for Comp

Sat Jul 31 12:23:21 PDT 2021: Finished testing RunningTotalSlow for Async

Sat Jul 31 12:25:28 PDT 2021: Finished testing RunningTotalSlow for PGImpl

Sat Jul 31 12:25:28 PDT 2021: Finished testing RunningTotalSlow for Comp

Sat Jul 31 12:25:28 PDT 2021: Finished testing RunningTotalSlow for Async

Sat Jul 31 12:25:54 PDT 2021: Finished testing RunningTotalSlow for PGImpl

Sat Jul 31 12:25:54 PDT 2021: Finished testing RunningTotalSlow for Comp

Sat Jul 31 12:25:54 PDT 2021: Finished testing RunningTotalSlow for Async

Sat Jul 31 12:33:49 PDT 2021: Finished testing RunningTotalSlow for PGImpl

Sat Jul 31 12:33:50 PDT 2021: Finished testing RunningTotalSlow for Comp

Sat Jul 31 12:33:50 PDT 2021: Finished testing RunningTotalSlow for Async

Sat Jul 31 12:39:12 PDT 2021: Finished testing RunningTotalSlow for PGImpl

Sat Jul 31 12:39:12 PDT 2021: Finished testing RunningTotalSlow for Comp

Sat Jul 31 12:39:12 PDT 2021: Finished testing RunningTotalSlow for Async

Sat Jul 31 12:42:06 PDT 2021: Finished testing RunningTotalSlow for PGImpl

Sat Jul 31 12:42:07 PDT 2021: Finished testing RunningTotalSlow for Comp

Sat Jul 31 12:42:07 PDT 2021: Finished testing RunningTotalSlow for Async

Sat Jul 31 12:43:11 PDT 2021: Finished testing RunningTotalSlow for PGImpl

Sat Jul 31 12:43:11 PDT 2021: Finished testing RunningTotalSlow for Comp

Sat Jul 31 12:43:11 PDT 2021: Finished testing RunningTotalSlow for Async

Sat Jul 31 12:45:21 PDT 2021: Finished testing RunningTotalSlow for PGImpl

Sat Jul 31 12:45:21 PDT 2021: Finished testing RunningTotalSlow for Comp

Sat Jul 31 12:45:21 PDT 2021: Finished testing RunningTotalSlow for Async

Sat Jul 31 12:58:59 PDT 2021: Finished testing RunningTotalSlow for PGImpl

Sat Jul 31 12:58:59 PDT 2021: Finished testing RunningTotalSlow for Comp

Sat Jul 31 12:59:00 PDT 2021: Finished testing RunningTotalSlow for Async

Sat Jul 31 12:59:16 PDT 2021: Finished testing RunningTotalSlow for PGImpl

Sat Jul 31 12:59:16 PDT 2021: Finished testing RunningTotalSlow for Comp

Sat Jul 31 12:59:17 PDT 2021: Finished testing RunningTotalSlow for Async

Sat Jul 31 12:59:23 PDT 2021: Finished testing RunningTotalSlow for PGImpl

Sat Jul 31 12:59:24 PDT 2021: Finished testing RunningTotalSlow for Comp

Sat Jul 31 12:59:24 PDT 2021: Finished testing RunningTotalSlow for Async

Sat Jul 31 12:59:47 PDT 2021: Finished testing RunningTotalSlow for PGImpl

Sat Jul 31 12:59:47 PDT 2021: Finished testing RunningTotalSlow for Comp

Sat Jul 31 12:59:47 PDT 2021: Finished testing RunningTotalSlow for Async

Sat Jul 31 12:59:55 PDT 2021: Finished testing RunningTotalSlow for PGImpl

Sat Jul 31 12:59:55 PDT 2021: Finished testing RunningTotalSlow for Comp

Sat Jul 31 12:59:55 PDT 2021: Finished testing RunningTotalSlow for Async

Sat Jul 31 13:00:02 PDT 2021: Finished testing RunningTotalSlow for PGImpl

Sat Jul 31 13:00:02 PDT 2021: Finished testing RunningTotalSlow for Comp

Sat Jul 31 13:00:03 PDT 2021: Finished testing RunningTotalSlow for Async

Sat Jul 31 13:14:58 PDT 2021: Finished testing RunningTotalSlow for PGImpl

Sat Jul 31 13:14:58 PDT 2021: Finished testing RunningTotalSlow for Comp

Sat Jul 31 13:14:59 PDT 2021: Finished testing RunningTotalSlow for Async

Sat Jul 31 13:23:39 PDT 2021: Finished testing RunningTotalSlow for PGImpl

Sat Jul 31 13:24:18 PDT 2021: Finished testing RunningTotalSlow for PGImpl

Sat Jul 31 13:26:34 PDT 2021: Finished testing RunningTotalSlow for PGImpl

Sat Jul 31 13:27:06 PDT 2021: Finished testing RunningTotalSlow for PGImpl

